<?xml version="1.0" encoding="UTF-8"?>
<!-- Generated by org.testng.reporters.JUnitReportReporter -->
<testsuite skipped="0" hostname="DESKTOP-DS8QJE3" name="GIT.CI.TestCase1" tests="1" failures="0" timestamp="2021-01-21T19:44:43 IST" time="0.012" errors="0">
  <testcase name="homePage" time="0.012" classname="GIT.CI.TestCase1"/>
  <system-out/>
</testsuite> <!-- GIT.CI.TestCase1 -->
